<?xml version="1.0" encoding="UTF-8"?>
<testng-results ignored="0" total="1" passed="1" failed="0" skipped="0">
  <reporter-output>
  </reporter-output>
  <suite started-at="2023-02-25T18:42:22Z" name="Default suite" finished-at="2023-02-25T18:42:30Z" duration-ms="8640">
    <groups>
    </groups>
    <test started-at="2023-02-25T18:42:22Z" name="Default test" finished-at="2023-02-25T18:42:30Z" duration-ms="8640">
      <class name="POM_model.class_1">
        <test-method signature="check()[pri:0, instance:POM_model.class_1@3c3d9b6b]" started-at="2023-02-25T18:42:22Z" name="check" finished-at="2023-02-25T18:42:30Z" duration-ms="8612" status="PASS">
          <reporter-output>
          </reporter-output>
        </test-method> <!-- check -->
      </class> <!-- POM_model.class_1 -->
    </test> <!-- Default test -->
  </suite> <!-- Default suite -->
</testng-results>
